<?xml version="1.0" encoding="UTF-8"?>
<testng-results skipped="0" failed="0" ignored="0" total="1" passed="1">
  <reporter-output>
  </reporter-output>
  <suite name="Suite" duration-ms="19496" started-at="2019-07-19T09:35:53Z" finished-at="2019-07-19T09:36:13Z">
    <groups>
    </groups>
    <test name="Test" duration-ms="19496" started-at="2019-07-19T09:35:53Z" finished-at="2019-07-19T09:36:13Z">
      <class name="p1.File1">
        <test-method status="PASS" signature="beforeClass()[pri:0, instance:p1.File1@880ec60]" name="beforeClass" is-config="true" duration-ms="13545" started-at="2019-07-19T15:05:53Z" finished-at="2019-07-19T15:06:07Z">
          <reporter-output>
          </reporter-output>
        </test-method> <!-- beforeClass -->
        <test-method status="PASS" signature="f()[pri:0, instance:p1.File1@880ec60]" name="f" duration-ms="5906" started-at="2019-07-19T15:06:07Z" finished-at="2019-07-19T15:06:13Z">
          <reporter-output>
          </reporter-output>
        </test-method> <!-- f -->
        <test-method status="PASS" signature="afterClass()[pri:0, instance:p1.File1@880ec60]" name="afterClass" is-config="true" duration-ms="2" started-at="2019-07-19T15:06:13Z" finished-at="2019-07-19T15:06:13Z">
          <reporter-output>
          </reporter-output>
        </test-method> <!-- afterClass -->
      </class> <!-- p1.File1 -->
    </test> <!-- Test -->
  </suite> <!-- Suite -->
</testng-results>
